<?xml version="1.0" encoding="UTF-8"?>
<!-- Generated by org.testng.reporters.JUnitXMLReporter -->
<testsuite ignored="0" hostname="Sami" failures="0" tests="3" name="Default test" time="19.234" errors="0" timestamp="2023-10-27T16:47:05 GMT-07:00">
  <testcase classname="com.tutorialninja.testcases.SearchTest" name="verifySearchingExistingProduct" time="0.759"/>
  <testcase classname="com.tutorialninja.testcases.SearchTest" name="verifySearchingNonExistingProduct" time="0.573"/>
  <testcase classname="com.tutorialninja.testcases.SearchTest" name="verifySearchingwithoutPassingAnyProduct" time="0.514"/>
</testsuite> <!-- Default test -->
