<?xml version="1.0" encoding="UTF-8"?>
<!-- Generated by org.testng.reporters.JUnitXMLReporter -->
<testsuite ignored="0" hostname="Sami" failures="0" tests="14" name="Test" time="192.263" errors="0" timestamp="2023-10-25T09:16:05 GMT-07:00">
  <testcase classname="com.tutorialninja.testcases.Search" name="verifySearchingExistingProduct" time="2.315"/>
  <testcase classname="com.tutorialninja.testcases.Search" name="verifySearchingNonExistingProduct" time="4.683"/>
  <testcase classname="com.tutorialninja.testcases.Search" name="verifySearchingwithoutPassingAnyProduct" time="2.258"/>
  <testcase classname="com.tutorialninja.testcases.Register" name="verifyRegisterByProvidingMandatoryFields" time="4.293"/>
  <testcase classname="com.tutorialninja.testcases.Register" name="verifyRegisterByProvidingAllFields" time="1.981"/>
  <testcase classname="com.tutorialninja.testcases.Register" name="verifyRegisterByProvidingExistingEmail" time="2.338"/>
  <testcase classname="com.tutorialninja.testcases.Register" name="verifyRegisterByProvidingEmptyFields" time="0.529"/>
  <testcase classname="com.tutorialninja.testcases.Login" name="verifyValidLoginWithCredentials" time="3.465"/>
  <testcase classname="com.tutorialninja.testcases.Login" name="verifyValidLoginWithCredentials" time="2.516"/>
  <testcase classname="com.tutorialninja.testcases.Login" name="verifyValidLoginWithCredentials" time="1.118"/>
  <testcase classname="com.tutorialninja.testcases.Login" name="verifyInvalidLoginUsingInvalidEmailandInvalidPassword" time="0.951"/>
  <testcase classname="com.tutorialninja.testcases.Login" name="verifyInvalidLoginUsingValidEmailandInvalidPassword" time="0.919"/>
  <testcase classname="com.tutorialninja.testcases.Login" name="verifyInvalidLoginUsingInvalidEmailandValidPassword" time="1.433"/>
  <testcase classname="com.tutorialninja.testcases.Login" name="verifyInvalidLoginUsingEmptyEmailandPassword" time="0.705"/>
</testsuite> <!-- Test -->
