<?xml version="1.0" encoding="UTF-8"?>
<testng-results ignored="0" total="14" passed="14" failed="0" skipped="0">
  <reporter-output>
  </reporter-output>
  <suite started-at="2023-10-24T20:57:18 GMT-07:00" name="Suite" finished-at="2023-10-24T21:00:31 GMT-07:00" duration-ms="192263">
    <groups>
    </groups>
    <test started-at="2023-10-24T20:57:18 GMT-07:00" name="Test" finished-at="2023-10-24T21:00:31 GMT-07:00" duration-ms="192263">
      <class name="com.tutorialninja.testcases.Register">
        <test-method is-config="true" signature="setup()[pri:0, instance:com.tutorialninja.testcases.Register@5032714f]" started-at="2023-10-24T20:58:04 GMT-07:00" name="setup" finished-at="2023-10-24T20:58:16 GMT-07:00" duration-ms="12917" status="PASS">
          <reporter-output>
          </reporter-output>
        </test-method> <!-- setup -->
        <test-method signature="verifyRegisterByProvidingMandatoryFields()[pri:1, instance:com.tutorialninja.testcases.Register@5032714f]" started-at="2023-10-24T20:58:16 GMT-07:00" name="verifyRegisterByProvidingMandatoryFields" finished-at="2023-10-24T20:58:21 GMT-07:00" duration-ms="4293" status="PASS">
          <reporter-output>
          </reporter-output>
        </test-method> <!-- verifyRegisterByProvidingMandatoryFields -->
        <test-method is-config="true" signature="tearDown()[pri:0, instance:com.tutorialninja.testcases.Register@5032714f]" started-at="2023-10-24T20:58:21 GMT-07:00" name="tearDown" finished-at="2023-10-24T20:58:22 GMT-07:00" duration-ms="788" status="PASS">
          <reporter-output>
          </reporter-output>
        </test-method> <!-- tearDown -->
        <test-method is-config="true" signature="setup()[pri:0, instance:com.tutorialninja.testcases.Register@5032714f]" started-at="2023-10-24T20:58:22 GMT-07:00" name="setup" finished-at="2023-10-24T20:58:33 GMT-07:00" duration-ms="11264" status="PASS">
          <reporter-output>
          </reporter-output>
        </test-method> <!-- setup -->
        <test-method signature="verifyRegisterByProvidingAllFields()[pri:2, instance:com.tutorialninja.testcases.Register@5032714f]" started-at="2023-10-24T20:58:33 GMT-07:00" name="verifyRegisterByProvidingAllFields" finished-at="2023-10-24T20:58:35 GMT-07:00" duration-ms="1981" status="PASS">
          <reporter-output>
          </reporter-output>
        </test-method> <!-- verifyRegisterByProvidingAllFields -->
        <test-method is-config="true" signature="tearDown()[pri:0, instance:com.tutorialninja.testcases.Register@5032714f]" started-at="2023-10-24T20:58:35 GMT-07:00" name="tearDown" finished-at="2023-10-24T20:58:35 GMT-07:00" duration-ms="405" status="PASS">
          <reporter-output>
          </reporter-output>
        </test-method> <!-- tearDown -->
        <test-method is-config="true" signature="setup()[pri:0, instance:com.tutorialninja.testcases.Register@5032714f]" started-at="2023-10-24T20:58:35 GMT-07:00" name="setup" finished-at="2023-10-24T20:58:47 GMT-07:00" duration-ms="11808" status="PASS">
          <reporter-output>
          </reporter-output>
        </test-method> <!-- setup -->
        <test-method signature="verifyRegisterByProvidingExistingEmail()[pri:3, instance:com.tutorialninja.testcases.Register@5032714f]" started-at="2023-10-24T20:58:47 GMT-07:00" name="verifyRegisterByProvidingExistingEmail" finished-at="2023-10-24T20:58:49 GMT-07:00" duration-ms="2338" status="PASS">
          <reporter-output>
          </reporter-output>
        </test-method> <!-- verifyRegisterByProvidingExistingEmail -->
        <test-method is-config="true" signature="tearDown()[pri:0, instance:com.tutorialninja.testcases.Register@5032714f]" started-at="2023-10-24T20:58:49 GMT-07:00" name="tearDown" finished-at="2023-10-24T20:58:50 GMT-07:00" duration-ms="363" status="PASS">
          <reporter-output>
          </reporter-output>
        </test-method> <!-- tearDown -->
        <test-method is-config="true" signature="setup()[pri:0, instance:com.tutorialninja.testcases.Register@5032714f]" started-at="2023-10-24T20:58:50 GMT-07:00" name="setup" finished-at="2023-10-24T20:59:00 GMT-07:00" duration-ms="10707" status="PASS">
          <reporter-output>
          </reporter-output>
        </test-method> <!-- setup -->
        <test-method signature="verifyRegisterByProvidingEmptyFields()[pri:4, instance:com.tutorialninja.testcases.Register@5032714f]" started-at="2023-10-24T20:59:00 GMT-07:00" name="verifyRegisterByProvidingEmptyFields" finished-at="2023-10-24T20:59:01 GMT-07:00" duration-ms="529" status="PASS">
          <reporter-output>
          </reporter-output>
        </test-method> <!-- verifyRegisterByProvidingEmptyFields -->
        <test-method is-config="true" signature="tearDown()[pri:0, instance:com.tutorialninja.testcases.Register@5032714f]" started-at="2023-10-24T20:59:01 GMT-07:00" name="tearDown" finished-at="2023-10-24T20:59:01 GMT-07:00" duration-ms="298" status="PASS">
          <reporter-output>
          </reporter-output>
        </test-method> <!-- tearDown -->
      </class> <!-- com.tutorialninja.testcases.Register -->
      <class name="com.tutorialninja.testcases.Login">
        <test-method is-config="true" signature="setup()[pri:0, instance:com.tutorialninja.testcases.Login@48bb62]" started-at="2023-10-24T20:59:03 GMT-07:00" name="setup" finished-at="2023-10-24T20:59:13 GMT-07:00" duration-ms="10621" status="PASS">
          <reporter-output>
          </reporter-output>
        </test-method> <!-- setup -->
        <test-method signature="verifyValidLoginWithCredentials(java.lang.String,java.lang.String)[pri:1, instance:com.tutorialninja.testcases.Login@48bb62]" started-at="2023-10-24T20:59:13 GMT-07:00" name="verifyValidLoginWithCredentials" data-provider="validTestData" finished-at="2023-10-24T20:59:17 GMT-07:00" duration-ms="3465" status="PASS">
          <params>
            <param index="0">
              <value>
                <![CDATA[skFri_Oct_20_22_10_54_PDT_2023@gmail.com]]>
              </value>
            </param>
            <param index="1">
              <value>
                <![CDATA[password]]>
              </value>
            </param>
          </params>
          <reporter-output>
          </reporter-output>
        </test-method> <!-- verifyValidLoginWithCredentials -->
        <test-method is-config="true" signature="tearDown()[pri:0, instance:com.tutorialninja.testcases.Login@48bb62]" started-at="2023-10-24T20:59:17 GMT-07:00" name="tearDown" finished-at="2023-10-24T20:59:18 GMT-07:00" duration-ms="764" status="PASS">
          <reporter-output>
          </reporter-output>
        </test-method> <!-- tearDown -->
        <test-method is-config="true" signature="setup()[pri:0, instance:com.tutorialninja.testcases.Login@48bb62]" started-at="2023-10-24T20:59:18 GMT-07:00" name="setup" finished-at="2023-10-24T20:59:28 GMT-07:00" duration-ms="10708" status="PASS">
          <reporter-output>
          </reporter-output>
        </test-method> <!-- setup -->
        <test-method signature="verifyValidLoginWithCredentials(java.lang.String,java.lang.String)[pri:1, instance:com.tutorialninja.testcases.Login@48bb62]" started-at="2023-10-24T20:59:28 GMT-07:00" name="verifyValidLoginWithCredentials" data-provider="validTestData" finished-at="2023-10-24T20:59:31 GMT-07:00" duration-ms="2516" status="PASS">
          <params>
            <param index="0">
              <value>
                <![CDATA[skFri_Oct_20_22_18_43_PDT_2023@gmail.com]]>
              </value>
            </param>
            <param index="1">
              <value>
                <![CDATA[password]]>
              </value>
            </param>
          </params>
          <reporter-output>
          </reporter-output>
        </test-method> <!-- verifyValidLoginWithCredentials -->
        <test-method is-config="true" signature="tearDown()[pri:0, instance:com.tutorialninja.testcases.Login@48bb62]" started-at="2023-10-24T20:59:31 GMT-07:00" name="tearDown" finished-at="2023-10-24T20:59:31 GMT-07:00" duration-ms="291" status="PASS">
          <reporter-output>
          </reporter-output>
        </test-method> <!-- tearDown -->
        <test-method is-config="true" signature="setup()[pri:0, instance:com.tutorialninja.testcases.Login@48bb62]" started-at="2023-10-24T20:59:31 GMT-07:00" name="setup" finished-at="2023-10-24T20:59:45 GMT-07:00" duration-ms="13848" status="PASS">
          <reporter-output>
          </reporter-output>
        </test-method> <!-- setup -->
        <test-method signature="verifyValidLoginWithCredentials(java.lang.String,java.lang.String)[pri:1, instance:com.tutorialninja.testcases.Login@48bb62]" started-at="2023-10-24T20:59:45 GMT-07:00" name="verifyValidLoginWithCredentials" data-provider="validTestData" finished-at="2023-10-24T20:59:46 GMT-07:00" duration-ms="1118" status="PASS">
          <params>
            <param index="0">
              <value>
                <![CDATA[skFri_Oct_20_22_28_01_PDT_2023@gmail.com]]>
              </value>
            </param>
            <param index="1">
              <value>
                <![CDATA[password]]>
              </value>
            </param>
          </params>
          <reporter-output>
          </reporter-output>
        </test-method> <!-- verifyValidLoginWithCredentials -->
        <test-method is-config="true" signature="tearDown()[pri:0, instance:com.tutorialninja.testcases.Login@48bb62]" started-at="2023-10-24T20:59:46 GMT-07:00" name="tearDown" finished-at="2023-10-24T20:59:46 GMT-07:00" duration-ms="244" status="PASS">
          <reporter-output>
          </reporter-output>
        </test-method> <!-- tearDown -->
        <test-method is-config="true" signature="setup()[pri:0, instance:com.tutorialninja.testcases.Login@48bb62]" started-at="2023-10-24T20:59:46 GMT-07:00" name="setup" finished-at="2023-10-24T20:59:56 GMT-07:00" duration-ms="10064" status="PASS">
          <reporter-output>
          </reporter-output>
        </test-method> <!-- setup -->
        <test-method signature="verifyInvalidLoginUsingInvalidEmailandInvalidPassword()[pri:2, instance:com.tutorialninja.testcases.Login@48bb62]" started-at="2023-10-24T20:59:56 GMT-07:00" name="verifyInvalidLoginUsingInvalidEmailandInvalidPassword" finished-at="2023-10-24T20:59:57 GMT-07:00" duration-ms="951" status="PASS">
          <reporter-output>
          </reporter-output>
        </test-method> <!-- verifyInvalidLoginUsingInvalidEmailandInvalidPassword -->
        <test-method is-config="true" signature="tearDown()[pri:0, instance:com.tutorialninja.testcases.Login@48bb62]" started-at="2023-10-24T20:59:57 GMT-07:00" name="tearDown" finished-at="2023-10-24T20:59:58 GMT-07:00" duration-ms="607" status="PASS">
          <reporter-output>
          </reporter-output>
        </test-method> <!-- tearDown -->
        <test-method is-config="true" signature="setup()[pri:0, instance:com.tutorialninja.testcases.Login@48bb62]" started-at="2023-10-24T20:59:58 GMT-07:00" name="setup" finished-at="2023-10-24T21:00:07 GMT-07:00" duration-ms="9016" status="PASS">
          <reporter-output>
          </reporter-output>
        </test-method> <!-- setup -->
        <test-method signature="verifyInvalidLoginUsingValidEmailandInvalidPassword()[pri:3, instance:com.tutorialninja.testcases.Login@48bb62]" started-at="2023-10-24T21:00:07 GMT-07:00" name="verifyInvalidLoginUsingValidEmailandInvalidPassword" finished-at="2023-10-24T21:00:08 GMT-07:00" duration-ms="919" status="PASS">
          <reporter-output>
          </reporter-output>
        </test-method> <!-- verifyInvalidLoginUsingValidEmailandInvalidPassword -->
        <test-method is-config="true" signature="tearDown()[pri:0, instance:com.tutorialninja.testcases.Login@48bb62]" started-at="2023-10-24T21:00:08 GMT-07:00" name="tearDown" finished-at="2023-10-24T21:00:08 GMT-07:00" duration-ms="443" status="PASS">
          <reporter-output>
          </reporter-output>
        </test-method> <!-- tearDown -->
        <test-method is-config="true" signature="setup()[pri:0, instance:com.tutorialninja.testcases.Login@48bb62]" started-at="2023-10-24T21:00:08 GMT-07:00" name="setup" finished-at="2023-10-24T21:00:18 GMT-07:00" duration-ms="9524" status="PASS">
          <reporter-output>
          </reporter-output>
        </test-method> <!-- setup -->
        <test-method signature="verifyInvalidLoginUsingInvalidEmailandValidPassword()[pri:4, instance:com.tutorialninja.testcases.Login@48bb62]" started-at="2023-10-24T21:00:18 GMT-07:00" name="verifyInvalidLoginUsingInvalidEmailandValidPassword" finished-at="2023-10-24T21:00:19 GMT-07:00" duration-ms="1433" status="PASS">
          <reporter-output>
          </reporter-output>
        </test-method> <!-- verifyInvalidLoginUsingInvalidEmailandValidPassword -->
        <test-method is-config="true" signature="tearDown()[pri:0, instance:com.tutorialninja.testcases.Login@48bb62]" started-at="2023-10-24T21:00:19 GMT-07:00" name="tearDown" finished-at="2023-10-24T21:00:20 GMT-07:00" duration-ms="297" status="PASS">
          <reporter-output>
          </reporter-output>
        </test-method> <!-- tearDown -->
        <test-method is-config="true" signature="setup()[pri:0, instance:com.tutorialninja.testcases.Login@48bb62]" started-at="2023-10-24T21:00:20 GMT-07:00" name="setup" finished-at="2023-10-24T21:00:29 GMT-07:00" duration-ms="9631" status="PASS">
          <reporter-output>
          </reporter-output>
        </test-method> <!-- setup -->
        <test-method signature="verifyInvalidLoginUsingEmptyEmailandPassword()[pri:5, instance:com.tutorialninja.testcases.Login@48bb62]" started-at="2023-10-24T21:00:29 GMT-07:00" name="verifyInvalidLoginUsingEmptyEmailandPassword" finished-at="2023-10-24T21:00:30 GMT-07:00" duration-ms="705" status="PASS">
          <reporter-output>
          </reporter-output>
        </test-method> <!-- verifyInvalidLoginUsingEmptyEmailandPassword -->
        <test-method is-config="true" signature="tearDown()[pri:0, instance:com.tutorialninja.testcases.Login@48bb62]" started-at="2023-10-24T21:00:30 GMT-07:00" name="tearDown" finished-at="2023-10-24T21:00:31 GMT-07:00" duration-ms="701" status="PASS">
          <reporter-output>
          </reporter-output>
        </test-method> <!-- tearDown -->
      </class> <!-- com.tutorialninja.testcases.Login -->
      <class name="com.tutorialninja.testcases.Search">
        <test-method is-config="true" signature="setup()[pri:0, instance:com.tutorialninja.testcases.Search@7ef82753]" started-at="2023-10-24T20:57:20 GMT-07:00" name="setup" finished-at="2023-10-24T20:57:33 GMT-07:00" duration-ms="13545" status="PASS">
          <reporter-output>
          </reporter-output>
        </test-method> <!-- setup -->
        <test-method signature="verifySearchingExistingProduct()[pri:1, instance:com.tutorialninja.testcases.Search@7ef82753]" started-at="2023-10-24T20:57:33 GMT-07:00" name="verifySearchingExistingProduct" finished-at="2023-10-24T20:57:36 GMT-07:00" duration-ms="2315" status="PASS">
          <reporter-output>
          </reporter-output>
        </test-method> <!-- verifySearchingExistingProduct -->
        <test-method is-config="true" signature="tearDown()[pri:0, instance:com.tutorialninja.testcases.Search@7ef82753]" started-at="2023-10-24T20:57:36 GMT-07:00" name="tearDown" finished-at="2023-10-24T20:57:36 GMT-07:00" duration-ms="775" status="PASS">
          <reporter-output>
          </reporter-output>
        </test-method> <!-- tearDown -->
        <test-method is-config="true" signature="setup()[pri:0, instance:com.tutorialninja.testcases.Search@7ef82753]" started-at="2023-10-24T20:57:36 GMT-07:00" name="setup" finished-at="2023-10-24T20:57:44 GMT-07:00" duration-ms="7477" status="PASS">
          <reporter-output>
          </reporter-output>
        </test-method> <!-- setup -->
        <test-method signature="verifySearchingNonExistingProduct()[pri:2, instance:com.tutorialninja.testcases.Search@7ef82753]" started-at="2023-10-24T20:57:44 GMT-07:00" name="verifySearchingNonExistingProduct" finished-at="2023-10-24T20:57:48 GMT-07:00" duration-ms="4683" status="PASS">
          <reporter-output>
          </reporter-output>
        </test-method> <!-- verifySearchingNonExistingProduct -->
        <test-method is-config="true" signature="tearDown()[pri:0, instance:com.tutorialninja.testcases.Search@7ef82753]" started-at="2023-10-24T20:57:48 GMT-07:00" name="tearDown" finished-at="2023-10-24T20:57:50 GMT-07:00" duration-ms="1065" status="PASS">
          <reporter-output>
          </reporter-output>
        </test-method> <!-- tearDown -->
        <test-method is-config="true" signature="setup()[pri:0, instance:com.tutorialninja.testcases.Search@7ef82753]" started-at="2023-10-24T20:57:50 GMT-07:00" name="setup" finished-at="2023-10-24T20:58:01 GMT-07:00" duration-ms="11132" status="PASS">
          <reporter-output>
          </reporter-output>
        </test-method> <!-- setup -->
        <test-method signature="verifySearchingwithoutPassingAnyProduct()[pri:3, instance:com.tutorialninja.testcases.Search@7ef82753]" started-at="2023-10-24T20:58:01 GMT-07:00" name="verifySearchingwithoutPassingAnyProduct" finished-at="2023-10-24T20:58:03 GMT-07:00" duration-ms="2258" status="PASS">
          <reporter-output>
          </reporter-output>
        </test-method> <!-- verifySearchingwithoutPassingAnyProduct -->
        <test-method is-config="true" signature="tearDown()[pri:0, instance:com.tutorialninja.testcases.Search@7ef82753]" started-at="2023-10-24T20:58:03 GMT-07:00" name="tearDown" finished-at="2023-10-24T20:58:04 GMT-07:00" duration-ms="593" status="PASS">
          <reporter-output>
          </reporter-output>
        </test-method> <!-- tearDown -->
      </class> <!-- com.tutorialninja.testcases.Search -->
    </test> <!-- Test -->
  </suite> <!-- Suite -->
</testng-results>
