<?xml version="1.0" encoding="UTF-8"?>
<testng-results ignored="0" total="3" passed="3" failed="0" skipped="0">
  <reporter-output>
  </reporter-output>
  <suite started-at="2023-10-27T16:46:46 GMT-07:00" name="Default suite" finished-at="2023-10-27T16:47:05 GMT-07:00" duration-ms="19234">
    <groups>
    </groups>
    <test started-at="2023-10-27T16:46:46 GMT-07:00" name="Default test" finished-at="2023-10-27T16:47:05 GMT-07:00" duration-ms="19234">
      <class name="com.tutorialninja.testcases.SearchTest">
        <test-method is-config="true" signature="setup()[pri:0, instance:com.tutorialninja.testcases.SearchTest@740cae06]" started-at="2023-10-27T16:46:46 GMT-07:00" name="setup" finished-at="2023-10-27T16:46:53 GMT-07:00" duration-ms="7170" status="PASS">
          <reporter-output>
          </reporter-output>
        </test-method> <!-- setup -->
        <test-method signature="verifySearchingExistingProduct()[pri:1, instance:com.tutorialninja.testcases.SearchTest@740cae06]" started-at="2023-10-27T16:46:53 GMT-07:00" name="verifySearchingExistingProduct" finished-at="2023-10-27T16:46:54 GMT-07:00" duration-ms="759" status="PASS">
          <reporter-output>
          </reporter-output>
        </test-method> <!-- verifySearchingExistingProduct -->
        <test-method is-config="true" signature="tearDown()[pri:0, instance:com.tutorialninja.testcases.SearchTest@740cae06]" started-at="2023-10-27T16:46:54 GMT-07:00" name="tearDown" finished-at="2023-10-27T16:46:54 GMT-07:00" duration-ms="222" status="PASS">
          <reporter-output>
          </reporter-output>
        </test-method> <!-- tearDown -->
        <test-method is-config="true" signature="setup()[pri:0, instance:com.tutorialninja.testcases.SearchTest@740cae06]" started-at="2023-10-27T16:46:54 GMT-07:00" name="setup" finished-at="2023-10-27T16:46:59 GMT-07:00" duration-ms="4520" status="PASS">
          <reporter-output>
          </reporter-output>
        </test-method> <!-- setup -->
        <test-method signature="verifySearchingNonExistingProduct()[pri:2, instance:com.tutorialninja.testcases.SearchTest@740cae06]" started-at="2023-10-27T16:46:59 GMT-07:00" name="verifySearchingNonExistingProduct" finished-at="2023-10-27T16:46:59 GMT-07:00" duration-ms="573" status="PASS">
          <reporter-output>
          </reporter-output>
        </test-method> <!-- verifySearchingNonExistingProduct -->
        <test-method is-config="true" signature="tearDown()[pri:0, instance:com.tutorialninja.testcases.SearchTest@740cae06]" started-at="2023-10-27T16:46:59 GMT-07:00" name="tearDown" finished-at="2023-10-27T16:46:59 GMT-07:00" duration-ms="240" status="PASS">
          <reporter-output>
          </reporter-output>
        </test-method> <!-- tearDown -->
        <test-method is-config="true" signature="setup()[pri:0, instance:com.tutorialninja.testcases.SearchTest@740cae06]" started-at="2023-10-27T16:46:59 GMT-07:00" name="setup" finished-at="2023-10-27T16:47:04 GMT-07:00" duration-ms="4963" status="PASS">
          <reporter-output>
          </reporter-output>
        </test-method> <!-- setup -->
        <test-method signature="verifySearchingwithoutPassingAnyProduct()[pri:3, instance:com.tutorialninja.testcases.SearchTest@740cae06]" started-at="2023-10-27T16:47:04 GMT-07:00" name="verifySearchingwithoutPassingAnyProduct" finished-at="2023-10-27T16:47:05 GMT-07:00" duration-ms="514" status="PASS">
          <reporter-output>
          </reporter-output>
        </test-method> <!-- verifySearchingwithoutPassingAnyProduct -->
        <test-method is-config="true" signature="tearDown()[pri:0, instance:com.tutorialninja.testcases.SearchTest@740cae06]" started-at="2023-10-27T16:47:05 GMT-07:00" name="tearDown" finished-at="2023-10-27T16:47:05 GMT-07:00" duration-ms="213" status="PASS">
          <reporter-output>
          </reporter-output>
        </test-method> <!-- tearDown -->
      </class> <!-- com.tutorialninja.testcases.SearchTest -->
    </test> <!-- Default test -->
  </suite> <!-- Default suite -->
</testng-results>
